\BOOKMARK [1][-]{section*.2}{\376\377\000I\000n\000t\000r\000o\000d\000u\000c\000t\000i\000o\000n}{}% 1
\BOOKMARK [1][-]{section.1}{\376\377\000W\000e\000e\000k\000\040\0001\000:\000\040\000I\000n\000t\000r\000o\000d\000u\000c\000t\000i\000o\000n\000\040\000t\000o\000\040\000P\000r\000o\000j\000e\000c\000t}{}% 2
\BOOKMARK [1][-]{section.2}{\376\377\000W\000e\000e\000k\000\040\0002\000:\000\040\000L\000i\000t\000e\000r\000a\000t\000u\000r\000e\000\040\000R\000e\000v\000i\000e\000w}{}% 3
\BOOKMARK [2][-]{subsection.2.1}{\376\377\000D\000a\000y\000\040\0001\000\040\000-\000\040\000L\000e\000a\000r\000n\000i\000n\000g\000\040\000d\000e\000c\000o\000m\000p\000\040\000b\000a\000s\000i\000c\000s}{section.2}% 4
\BOOKMARK [2][-]{subsection.2.2}{\376\377\000D\000a\000y\000\040\0002\000\040\000-\000\040\000A\000l\000g\000o\000r\000i\000t\000h\000m\000\040\000a\000n\000d\000\040\000L\000o\000g\000i\000c\000\040\000f\000o\000r\000\040\000S\000t\000a\000t\000e\000\040\000G\000r\000a\000p\000h\000\040\000T\000r\000a\000v\000e\000r\000s\000a\000l}{section.2}% 5
\BOOKMARK [2][-]{subsection.2.3}{\376\377\000D\000a\000y\000\040\0003\000\040\000-\000\040\000D\000o\000\040\000c\000o\000m\000p\000-\000v\000e\000r\000i\000f\000y\000\040\000b\000y\000\040\000h\000a\000n\000d\000\040\000f\000o\000r\000\040\000T\000o\000y\000M\000u\000t\000e\000x}{section.2}% 6
\BOOKMARK [2][-]{subsection.2.4}{\376\377\000D\000a\000y\000\040\0004\000\040\000-\000\040\000C\000R\000A\000\040\000e\000x\000p\000e\000r\000i\000m\000e\000n\000t\000a\000t\000i\000o\000n}{section.2}% 7
\BOOKMARK [2][-]{subsection.2.5}{\376\377\000D\000a\000y\000\040\0005\000\040\000-\000\040\000C\000o\000d\000i\000n\000g}{section.2}% 8
\BOOKMARK [1][-]{section.3}{\376\377\000W\000e\000e\000k\000\040\0003\000:\000\040\000I\000n\000i\000t\000i\000a\000l\000\040\000C\000o\000d\000i\000n\000g}{}% 9
\BOOKMARK [2][-]{subsection.3.1}{\376\377\000D\000a\000y\000\040\0001\000\040\000-\000\040\000E\000d\000u\000a\000r\000d\000o\000\040\000H\000o\000u\000s\000e\000\040\000K\000e\000e\000p\000i\000n\000g}{section.3}% 10
\BOOKMARK [2][-]{subsection.3.2}{\376\377\000D\000a\000y\000\040\0002\000\040\000-\000\040\000L\000e\000a\000r\000n\000i\000n\000g\000\040\000d\000e\000c\000o\000m\000p\000\040\000b\000a\000s\000i\000c\000s}{section.3}% 11
\BOOKMARK [2][-]{subsection.3.3}{\376\377\000D\000a\000y\000\040\0003\000\040\000-\000\040\000M\000e\000e\000t\000i\000n\000g\000\040\000E\000u\000n\000s\000u\000k\000!}{section.3}% 12
\BOOKMARK [1][-]{section.4}{\376\377\000W\000e\000e\000k\000\040\0004\000:\000\040\000A\000d\000v\000a\000n\000c\000e\000d\000\040\000C\000o\000d\000i\000n\000g\000\040\000T\000e\000c\000h\000n\000i\000q\000u\000e\000s}{}% 13
\BOOKMARK [1][-]{section.5}{\376\377\000W\000e\000e\000k\000\040\0005\000:\000\040\000D\000a\000t\000a\000\040\000A\000n\000a\000l\000y\000s\000i\000s}{}% 14
\BOOKMARK [1][-]{section.6}{\376\377\000W\000e\000e\000k\000\040\0006\000:\000\040\000M\000i\000d\000-\000I\000n\000t\000e\000r\000n\000s\000h\000i\000p\000\040\000R\000e\000v\000i\000e\000w}{}% 15
\BOOKMARK [1][-]{section.7}{\376\377\000W\000e\000e\000k\000\040\0007\000:\000\040\000C\000o\000n\000t\000i\000n\000u\000e\000d\000\040\000R\000e\000s\000e\000a\000r\000c\000h}{}% 16
\BOOKMARK [1][-]{section.8}{\376\377\000W\000e\000e\000k\000\040\0008\000:\000\040\000P\000r\000e\000p\000a\000r\000i\000n\000g\000\040\000R\000e\000s\000u\000l\000t\000s}{}% 17
\BOOKMARK [1][-]{section.9}{\376\377\000W\000e\000e\000k\000\040\0009\000:\000\040\000D\000i\000s\000c\000u\000s\000s\000i\000o\000n}{}% 18
\BOOKMARK [1][-]{section.10}{\376\377\000W\000e\000e\000k\000\040\0001\0000\000:\000\040}{}% 19
\BOOKMARK [1][-]{section.11}{\376\377\000R\000E\000U\000S\000E\000\040\000s\000e\000m\000i\000n\000a\000r\000s\000\040\000w\000i\000t\000h\000\040\000D\000r\000.\000\040\000S\000u\000n\000s\000h\000i\000n\000e\000!}{}% 20
\BOOKMARK [2][-]{subsection.11.1}{\376\377\000W\000e\000e\000k\000\040\0001}{section.11}% 21
\BOOKMARK [2][-]{subsection.11.2}{\376\377\000W\000e\000e\000k\000\040\0002\000\040\000-\000\040\000R\000e\000a\000d\000i\000n\000g\000\040\000R\000e\000s\000e\000a\000r\000c\000h\000\040\000p\000a\000p\000e\000r\000s}{section.11}% 22
\BOOKMARK [1][-]{section*.24}{\376\377\000C\000o\000n\000c\000s\000l\000u\000s\000i\000o\000n}{}% 23
